<?xml version="1.0" encoding="UTF-8"?>
<!-- Generated by org.testng.reporters.JUnitXMLReporter -->
<testsuite ignored="0" hostname="Sarika" failures="1" tests="2" name="Test-Runner-2" time="38.615" errors="0" timestamp="2025-06-12T08:49:59 IST">
  <testcase classname="TestNG.AddLowestPriceProductCartTest" name="Tc_002_AddLowestPriceProductCartTest" time="21.238">
    <failure type="org.openqa.selenium.NoSuchElementException" message="Cannot locate option with text: Price(low to high)
For documentation on this error, please visit: https://www.selenium.dev/documentation/webdriver/troubleshooting/errors#no-such-element-exception
Build info: version: &amp;apos;4.33.0&amp;apos;, revision: &amp;apos;2c6aaad03a&amp;apos;
System info: os.name: &amp;apos;Windows 11&amp;apos;, os.arch: &amp;apos;amd64&amp;apos;, os.version: &amp;apos;10.0&amp;apos;, java.version: &amp;apos;21.0.5&amp;apos;
Driver info: driver.version: unknown">
      <![CDATA[org.openqa.selenium.NoSuchElementException: Cannot locate option with text: Price(low to high)
For documentation on this error, please visit: https://www.selenium.dev/documentation/webdriver/troubleshooting/errors#no-such-element-exception
Build info: version: '4.33.0', revision: '2c6aaad03a'
System info: os.name: 'Windows 11', os.arch: 'amd64', os.version: '10.0', java.version: '21.0.5'
Driver info: driver.version: unknown
at org.openqa.selenium.support.ui.Select.selectByVisibleText(Select.java:167)
at genericUtilities.SeleniumUtility.handleDropDown(SeleniumUtility.java:106)
at Object_Repository.Inventory_Page.clickOnLowestPriceProduct(Inventory_Page.java:95)
at TestNG.AddLowestPriceProductCartTest.Tc_002_AddLowestPriceProductCartTest(AddLowestPriceProductCartTest.java:31)
at java.base/java.util.ArrayList.forEach(ArrayList.java:1596)
at java.base/java.util.concurrent.FutureTask.run(FutureTask.java:317)
at java.base/java.util.concurrent.ThreadPoolExecutor.runWorker(ThreadPoolExecutor.java:1144)
at java.base/java.util.concurrent.ThreadPoolExecutor$Worker.run(ThreadPoolExecutor.java:642)
at java.base/java.lang.Thread.run(Thread.java:1583)
... Removed 15 stack frames]]>
    </failure>
  </testcase> <!-- Tc_002_AddLowestPriceProductCartTest -->
  <testcase classname="genericUtilities.BaseClass" name="sample" time="0.005"/>
</testsuite> <!-- Test-Runner-2 -->
